<?xml version="1.0" encoding="UTF-8"?>
<testsuite name="ScrabbleTest" tests="1" skipped="0" failures="0" errors="0" timestamp="2016-12-19T00:54:49" hostname="Brians-MacBook-Pro.local" time="0.001">
  <properties/>
  <testcase name="runScrabble_returnNumber_Integer" classname="ScrabbleTest" time="0.001"/>
  <system-out><![CDATA[]]></system-out>
  <system-err><![CDATA[]]></system-err>
</testsuite>
